<?xml version="1.0" encoding="UTF-8"?>
<!-- Generated by org.testng.reporters.JUnitXMLReporter -->
<testsuite ignored="0" hostname="Lukass-MacBook-Pro.local" failures="0" tests="14" name="ArduinoPDUtestSuite" time="46.037" errors="0" timestamp="2021-11-30T22:54:24 CET">
  <testcase classname="CommandTests" name="t0100_HelloWorld" time="0.565"/>
  <testcase classname="CommandTests" name="t0101_Echo" time="0.634"/>
  <testcase classname="CommandTests" name="t0101_Echo_2" time="0.641"/>
  <testcase classname="CommandTests" name="t0102_delay_GC" time="1.652"/>
  <testcase classname="CommandTests" name="t0200_StoreData" time="0.634"/>
  <testcase classname="CommandTests" name="t0201_getData" time="0.573"/>
  <testcase classname="CommandTests" name="t0300_pinHigh" time="1.729"/>
  <testcase classname="CommandTests" name="t0301_TryPinReset" time="2.301"/>
  <testcase classname="CommandTests" name="t0303_analogOut" time="1.826"/>
  <testcase classname="CommandTests" name="t0303_analogOut_2" time="2.529"/>
  <testcase classname="CommandTests" name="t0303_analogOut_3" time="0.712"/>
  <testcase classname="CommandTests" name="t0304_analogIn" time="1.142"/>
  <testcase classname="CommandTests" name="t0304_analogIn_Non_Analog_Pin" time="1.169"/>
  <testcase classname="CommandTests" name="t0390_pinHigh" time="2.333"/>
</testsuite> <!-- ArduinoPDUtestSuite -->
