<?xml version="1.0" encoding="UTF-8"?>
<!-- Generated by org.testng.reporters.JUnitXMLReporter -->
<testsuite ignored="0" hostname="Lukass-MacBook-Pro.local" failures="0" tests="13" name="ArduinoPDUtestSuite" time="43.121" errors="0" timestamp="2021-11-24T21:02:49 CET">
  <testcase classname="CommandTests" name="t0100_HelloWorld" time="0.561"/>
  <testcase classname="CommandTests" name="t0101_Echo" time="0.644"/>
  <testcase classname="CommandTests" name="t0101_Echo_2" time="0.627"/>
  <testcase classname="CommandTests" name="t0200_StoreData" time="0.647"/>
  <testcase classname="CommandTests" name="t0201_getData" time="0.583"/>
  <testcase classname="CommandTests" name="t0300_pinHigh" time="1.721"/>
  <testcase classname="CommandTests" name="t0301_TryPinReset" time="2.301"/>
  <testcase classname="CommandTests" name="t0303_analogOut" time="1.828"/>
  <testcase classname="CommandTests" name="t0303_analogOut_2" time="3.008"/>
  <testcase classname="CommandTests" name="t0303_analogOut_3" time="1.213"/>
  <testcase classname="CommandTests" name="t0304_analogIn" time="1.157"/>
  <testcase classname="CommandTests" name="t0304_analogIn_Non_Analog_Pin" time="1.154"/>
  <testcase classname="CommandTests" name="t0390_pinHigh" time="1.837"/>
</testsuite> <!-- ArduinoPDUtestSuite -->
